  VisualGDB: Sending 4 updated source files to build machine...
  VisualGDB: Run "cmake -G "Unix Makefiles" -DCMAKE_BUILD_TYPE=RELWITHDEBINFO -DCMAKE_COLOR_MAKEFILE=OFF .." in directory "/tmp/VisualGDB/d/GitHub/VisualGDB/CMakeDemo/Release" on pi@192.168.100.232 (SSH)
  -- The C compiler identification is GNU 4.9.2
  -- The CXX compiler identification is GNU 4.9.2
  -- Check for working C compiler: /usr/bin/cc
  -- Check for working C compiler: /usr/bin/cc -- works
  -- Detecting C compiler ABI info
  -- Detecting C compiler ABI info - done
  -- Detecting C compile features
  -- Detecting C compile features - done
  -- Check for working CXX compiler: /usr/bin/c++
  -- Check for working CXX compiler: /usr/bin/c++ -- works
  -- Detecting CXX compiler ABI info
  -- Detecting CXX compiler ABI info - done
  -- Detecting CXX compile features
  -- Detecting CXX compile features - done
  -- Configuring done
  -- Generating done
  -- Build files have been written to: /tmp/VisualGDB/d/GitHub/VisualGDB/CMakeDemo/Release
VisualGDB : warning : Failed to fetch compiler argument database file (/tmp/VisualGDB/d/GitHub/VisualGDB/CMakeDemo/Release/compile_commands.json). IntelliSense setup won't be precise.
  VisualGDB: Run "make " in directory "/tmp/VisualGDB/d/GitHub/VisualGDB/CMakeDemo/Release" on pi@192.168.100.232 (SSH)
  Scanning dependencies of target CMakeDemo
  [ 50%] Building CXX object CMakeFiles/CMakeDemo.dir/CMakeDemo.cpp.o
  [100%] Linking CXX executable CMakeDemo
  [100%] Built target CMakeDemo
